C51 COMPILER V9.52.0.0   I2C                                                               02/16/2024 10:41:45 PAGE 1   


C51 COMPILER V9.52.0.0, COMPILATION OF MODULE I2C
OBJECT MODULE PLACED IN .\Objects\i2c.obj
COMPILER INVOKED BY: C:\Keil\C51\BIN\C51.EXE ..\..\..\libraries\i2c.c BROWSE INCDIR(C:\Keil\C51\H) DEBUG OBJECTEXTEND PR
                    -INT(.\Listings\i2c.lst) TABS(2) OBJECT(.\Objects\i2c.obj)

line level    source

   1           #include <stc12.h>  
   2          #include "i2c.h"
   3          
   4          // Function Purpose: Produce approximate delay in given uSecs.
   5          void I2C_delay(unsigned int d)
   6          {
   7   1         unsigned int i, limit;
   8   1         limit = d/15; // 15 for 12Mhz
   9   1      
  10   1         for(i=0;i<limit;i++);
  11   1      }
  12          
  13          
  14          // Function Purpose: Set initial values of SCK and SDA pins
  15          void I2C_init(void)
  16          { 
  17   1        // Make SDA and SCK pins input initially
  18   1        SDA = 1;
  19   1        SCK = 1;
  20   1      }
  21          
  22          
  23          // Function Purpose: I2C_start sends start bit sequence
  24          void I2C_start(void)
  25          {
  26   1        SCK = 1;        // Make SCK pin high
  27   1        SDA = 1;        // Make SDA pin High
  28   1        I2C_delay(HalfBitDelay);  // Half bit delay
  29   1        SDA = 0;        // Make SDA Low
  30   1        I2C_delay(HalfBitDelay);  // Half bit delay
  31   1      }
  32          
  33          
  34          // Function Purpose: I2C_reStart sends start bit sequence
  35          void I2C_reStart(void)
  36          {
  37   1        SCK = 0;        // Make SCK pin low
  38   1      
  39   1        I2C_delay(HalfBitDelay/2);  // Data pin should change it's value,
  40   1                      // when it is confirm that SCK is low
  41   1        SDA = 1;        // Make SDA pin High
  42   1        
  43   1        I2C_delay(HalfBitDelay/2);  // 1/4 bit delay
  44   1        SCK = 1;        // Make SCK pin high
  45   1        I2C_delay(HalfBitDelay/2);  // 1/4 bit delay
  46   1        SDA = 0;        // Make SDA Low
  47   1        I2C_delay(HalfBitDelay/2);  // 1/4 bit delay
  48   1      }
  49          
  50          
  51          //Function : I2C_stop sends stop bit sequence
  52          void I2C_stop(void)
  53          {
  54   1        SCK = 0;        // Make SCK pin low
C51 COMPILER V9.52.0.0   I2C                                                               02/16/2024 10:41:45 PAGE 2   

  55   1      
  56   1        I2C_delay(HalfBitDelay/2);  // Data pin should change it's value,
  57   1                      // when it is confirm that SCK is low
  58   1        SDA = 0;        // Make SDA pin low
  59   1        
  60   1        I2C_delay(HalfBitDelay/2);  // 1/4 bit delay
  61   1        SCK = 1;        // Make SCK pin high
  62   1        I2C_delay(HalfBitDelay/2);  // 1/4 bit delay
  63   1        SDA = 1;        // Make SDA high
  64   1        I2C_delay(HalfBitDelay/2);  // 1/4 bit delay
  65   1      }
  66          
  67          
  68          
  69          //Function : I2C_sendACK sends ACK bit sequence
  70          void I2C_sendACK(void)
  71          {
  72   1        SCK = 0;        // Make SCK pin low
  73   1        I2C_delay(HalfBitDelay/2);  // Data pin should change it's value,
  74   1                      // when it is confirm that SCK is low
  75   1        SDA = 0;        // Make SDA Low
  76   1        I2C_delay(HalfBitDelay/2);  // 1/4 bit delay
  77   1        SCK = 1;        // Make SCK pin high
  78   1        I2C_delay(HalfBitDelay);  // Half bit delay
  79   1      }
  80          
  81          
  82          //Function : I2C_sendNACK sends NACK bit sequence
  83          void I2C_sendNACK(void)
  84          {
  85   1        SCK = 0;        // Make SCK pin low
  86   1        I2C_delay(HalfBitDelay/2);  // Data pin should change it's value,
  87   1                      // when it is confirm that SCK is low
  88   1        SDA = 1;        // Make SDA high
  89   1        I2C_delay(HalfBitDelay/2);  // 1/4 bit delay
  90   1        SCK = 1;        // Make SCK pin high
  91   1        I2C_delay(HalfBitDelay);  // Half bit delay
  92   1      }
  93          
  94          
  95          // Function Purpose: I2C_writeByte transfers one byte
  96          bit I2C_writeByte(unsigned char Byte)
  97          {
  98   1        unsigned char i;    // Variable to be used in for loop
  99   1        
 100   1        for(i=0;i<8;i++)    // Repeat for every bit
 101   1        {
 102   2          SCK = 0;    // Make SCK pin low
 103   2          
 104   2          I2C_delay(HalfBitDelay/2);  // Data pin should change it's value,
 105   2                        // when it is confirm that SCK is low
 106   2      
 107   2          if((Byte<<i)&0x80)  // Place data bit value on SDA pin
 108   2            SDA = 1;  // If bit is high, make SDA high
 109   2          else        // Data is transferred MSB first
 110   2            SDA = 0;  // If bit is low, make SDA low
 111   2      
 112   2          I2C_delay(HalfBitDelay/2);  // Toggle SCK pin
 113   2          SCK = 1;        // So that slave can
 114   2          I2C_delay(HalfBitDelay);  // latch data bit
 115   2          }
 116   1          
C51 COMPILER V9.52.0.0   I2C                                                               02/16/2024 10:41:45 PAGE 3   

 117   1        // Get ACK from slave
 118   1        SCK = 0;
 119   1          SDA = 1;
 120   1          I2C_delay(HalfBitDelay);
 121   1          SCK = 1;
 122   1          I2C_delay(HalfBitDelay);
 123   1      
 124   1        return SDA;
 125   1      }
 126          
 127          
 128          // Function Purpose: I2C_readByte reads one byte
 129          unsigned char I2C_readByte(void)
 130          {
 131   1        unsigned char i, d, RxData = 0;
 132   1      
 133   1        for(i=0;i<8;i++)
 134   1        {
 135   2          SCK = 0;          // Make SCK pin low
 136   2          SDA = 1;          // Don't drive SDA 
 137   2          I2C_delay(HalfBitDelay);    // Half bit delay
 138   2          SCK = 1;          // Make SCK pin high
 139   2          I2C_delay(HalfBitDelay/2);    // 1/4 bit delay
 140   2          d = SDA;              // Capture Received Bit
 141   2          RxData = RxData|(d<<(7-i));     // Copy it in RxData
 142   2          I2C_delay(HalfBitDelay/2);    // 1/4 bit delay
 143   2        }
 144   1       
 145   1          return RxData;            // Return received byte
 146   1      }


MODULE INFORMATION:   STATIC OVERLAYABLE
   CODE SIZE        =    252    ----
   CONSTANT SIZE    =   ----    ----
   XDATA SIZE       =   ----    ----
   PDATA SIZE       =   ----    ----
   DATA SIZE        =   ----    ----
   IDATA SIZE       =   ----    ----
   BIT SIZE         =   ----    ----
END OF MODULE INFORMATION.


C51 COMPILATION COMPLETE.  0 WARNING(S),  0 ERROR(S)
